
FileManager.prototype.setActivePath = 
Array
(
    [0] => FileManager
    [1] => setActivePath = 
)

FileManager.prototype.initActiveTab = 
Array
(
    [0] => FileManager
    [1] => initActiveTab = 
)

FileManager.prototype.onGetActualEnv = 
Array
(
    [0] => FileManager
    [1] => onGetActualEnv = 
)

FileManager.prototype.onGetSavedEnv = 
Array
(
    [0] => FileManager
    [1] => onGetSavedEnv = 
)

FileManager.prototype.onResize = 
Array
(
    [0] => FileManager
    [1] => onResize = 
)

FileManager.prototype.setTabWidths = 
Array
(
    [0] => FileManager
    [1] => setTabWidths = 
)

FileManager.prototype.setAddressLineWidth = 
Array
(
    [0] => FileManager
    [1] => setAddressLineWidth = 
)

FileManager.prototype.corectTabWidth = 
Array
(
    [0] => FileManager
    [1] => corectTabWidth = 
)

FileManager.prototype.setColWidth = 
Array
(
    [0] => FileManager
    [1] => setColWidth = 
)

FileManager.prototype.setColNameWidth = 
Array
(
    [0] => FileManager
    [1] => setColNameWidth = 
)

FileManager.prototype.setColDateWidth = 
Array
(
    [0] => FileManager
    [1] => setColDateWidth = 
)

FileManager.prototype.actualizeScrollX = 
Array
(
    [0] => FileManager
    [1] => actualizeScrollX = 
)

FileManager.prototype.setMainMenu = 
Array
(
    [0] => FileManager
    [1] => setMainMenu = 
)

FileManager.prototype.setSidebarScrollbar = 
Array
(
    [0] => FileManager
    [1] => setSidebarScrollbar = 
)

FileManager.prototype.getCurrentLocale = 
Array
(
    [0] => FileManager
    [1] => getCurrentLocale = 
)

FileManager.prototype.addContextMenuHtml = 
Array
(
    [0] => FileManager
    [1] => addContextMenuHtml = 
)

KBListener.prototype.onKeyDown = 
Array
(
    [0] => KBListener
    [1] => onKeyDown = 
)

ProcManager.prototype.run = 
Array
(
    [0] => ProcManager
    [1] => run = 
)

FileManager.prototype.setActivePath = 
Array
(
    [0] => FileManager
    [1] => setActivePath = 
)

FileManager.prototype.initActiveTab = 
Array
(
    [0] => FileManager
    [1] => initActiveTab = 
)

FileManager.prototype.onGetActualEnv = 
Array
(
    [0] => FileManager
    [1] => onGetActualEnv = 
)

FileManager.prototype.onGetSavedEnv = 
Array
(
    [0] => FileManager
    [1] => onGetSavedEnv = 
)

FileManager.prototype.onResize = 
Array
(
    [0] => FileManager
    [1] => onResize = 
)

FileManager.prototype.setTabWidths = 
Array
(
    [0] => FileManager
    [1] => setTabWidths = 
)

FileManager.prototype.setAddressLineWidth = 
Array
(
    [0] => FileManager
    [1] => setAddressLineWidth = 
)

FileManager.prototype.corectTabWidth = 
Array
(
    [0] => FileManager
    [1] => corectTabWidth = 
)

FileManager.prototype.setColWidth = 
Array
(
    [0] => FileManager
    [1] => setColWidth = 
)

FileManager.prototype.setColNameWidth = 
Array
(
    [0] => FileManager
    [1] => setColNameWidth = 
)

FileManager.prototype.setColDateWidth = 
Array
(
    [0] => FileManager
    [1] => setColDateWidth = 
)

FileManager.prototype.actualizeScrollX = 
Array
(
    [0] => FileManager
    [1] => actualizeScrollX = 
)

FileManager.prototype.setMainMenu = 
Array
(
    [0] => FileManager
    [1] => setMainMenu = 
)

FileManager.prototype.setSidebarScrollbar = 
Array
(
    [0] => FileManager
    [1] => setSidebarScrollbar = 
)

FileManager.prototype.getCurrentLocale = 
Array
(
    [0] => FileManager
    [1] => getCurrentLocale = 
)

FileManager.prototype.addContextMenuHtml = 
Array
(
    [0] => FileManager
    [1] => addContextMenuHtml = 
)

KBListener.prototype.onKeyDown = 
Array
(
    [0] => KBListener
    [1] => onKeyDown = 
)

ProcManager.prototype.run = 
Array
(
    [0] => ProcManager
    [1] => run = 
)

FileManager.prototype.setActivePath = 
Array
(
    [0] => FileManager
    [1] => setActivePath = 
)

FileManager.prototype.initActiveTab = 
Array
(
    [0] => FileManager
    [1] => initActiveTab = 
)

FileManager.prototype.onGetActualEnv = 
Array
(
    [0] => FileManager
    [1] => onGetActualEnv = 
)

FileManager.prototype.onGetSavedEnv = 
Array
(
    [0] => FileManager
    [1] => onGetSavedEnv = 
)

FileManager.prototype.onResize = 
Array
(
    [0] => FileManager
    [1] => onResize = 
)

FileManager.prototype.setTabWidths = 
Array
(
    [0] => FileManager
    [1] => setTabWidths = 
)

FileManager.prototype.setAddressLineWidth = 
Array
(
    [0] => FileManager
    [1] => setAddressLineWidth = 
)

FileManager.prototype.corectTabWidth = 
Array
(
    [0] => FileManager
    [1] => corectTabWidth = 
)

FileManager.prototype.setColWidth = 
Array
(
    [0] => FileManager
    [1] => setColWidth = 
)

FileManager.prototype.setColNameWidth = 
Array
(
    [0] => FileManager
    [1] => setColNameWidth = 
)

FileManager.prototype.setColDateWidth = 
Array
(
    [0] => FileManager
    [1] => setColDateWidth = 
)

FileManager.prototype.actualizeScrollX = 
Array
(
    [0] => FileManager
    [1] => actualizeScrollX = 
)

FileManager.prototype.setMainMenu = 
Array
(
    [0] => FileManager
    [1] => setMainMenu = 
)

FileManager.prototype.setSidebarScrollbar = 
Array
(
    [0] => FileManager
    [1] => setSidebarScrollbar = 
)

FileManager.prototype.getCurrentLocale = 
Array
(
    [0] => FileManager
    [1] => getCurrentLocale = 
)

FileManager.prototype.addContextMenuHtml = 
Array
(
    [0] => FileManager
    [1] => addContextMenuHtml = 
)

KBListener.prototype.onKeyDown = 
Array
(
    [0] => KBListener
    [1] => onKeyDown = 
)

ProcManager.prototype.run = 
Array
(
    [0] => ProcManager
    [1] => run = 
)

FileManager.prototype.setActivePath = 
Array
(
    [0] => FileManager
    [1] => setActivePath = 
)

FileManager.prototype.initActiveTab = 
Array
(
    [0] => FileManager
    [1] => initActiveTab = 
)

FileManager.prototype.onGetActualEnv = 
Array
(
    [0] => FileManager
    [1] => onGetActualEnv = 
)

FileManager.prototype.onGetSavedEnv = 
Array
(
    [0] => FileManager
    [1] => onGetSavedEnv = 
)

FileManager.prototype.onResize = 
Array
(
    [0] => FileManager
    [1] => onResize = 
)

FileManager.prototype.setTabWidths = 
Array
(
    [0] => FileManager
    [1] => setTabWidths = 
)

FileManager.prototype.setAddressLineWidth = 
Array
(
    [0] => FileManager
    [1] => setAddressLineWidth = 
)

FileManager.prototype.corectTabWidth = 
Array
(
    [0] => FileManager
    [1] => corectTabWidth = 
)

FileManager.prototype.setColWidth = 
Array
(
    [0] => FileManager
    [1] => setColWidth = 
)

FileManager.prototype.setColNameWidth = 
Array
(
    [0] => FileManager
    [1] => setColNameWidth = 
)

FileManager.prototype.setColDateWidth = 
Array
(
    [0] => FileManager
    [1] => setColDateWidth = 
)

FileManager.prototype.actualizeScrollX = 
Array
(
    [0] => FileManager
    [1] => actualizeScrollX = 
)

FileManager.prototype.setMainMenu = 
Array
(
    [0] => FileManager
    [1] => setMainMenu = 
)

FileManager.prototype.setSidebarScrollbar = 
Array
(
    [0] => FileManager
    [1] => setSidebarScrollbar = 
)

FileManager.prototype.getCurrentLocale = 
Array
(
    [0] => FileManager
    [1] => getCurrentLocale = 
)

FileManager.prototype.addContextMenuHtml = 
Array
(
    [0] => FileManager
    [1] => addContextMenuHtml = 
)

KBListener.prototype.onKeyDown = 
Array
(
    [0] => KBListener
    [1] => onKeyDown = 
)

ProcManager.prototype.run = 
Array
(
    [0] => ProcManager
    [1] => run = 
)

FileManager.prototype.setActivePath = 
Array
(
    [0] => FileManager
    [1] => setActivePath = 
)

FileManager.prototype.initActiveTab = 
Array
(
    [0] => FileManager
    [1] => initActiveTab = 
)

FileManager.prototype.onGetActualEnv = 
Array
(
    [0] => FileManager
    [1] => onGetActualEnv = 
)

FileManager.prototype.onGetSavedEnv = 
Array
(
    [0] => FileManager
    [1] => onGetSavedEnv = 
)

FileManager.prototype.onResize = 
Array
(
    [0] => FileManager
    [1] => onResize = 
)

FileManager.prototype.setTabWidths = 
Array
(
    [0] => FileManager
    [1] => setTabWidths = 
)

FileManager.prototype.setAddressLineWidth = 
Array
(
    [0] => FileManager
    [1] => setAddressLineWidth = 
)

FileManager.prototype.corectTabWidth = 
Array
(
    [0] => FileManager
    [1] => corectTabWidth = 
)

FileManager.prototype.setColWidth = 
Array
(
    [0] => FileManager
    [1] => setColWidth = 
)

FileManager.prototype.setColNameWidth = 
Array
(
    [0] => FileManager
    [1] => setColNameWidth = 
)

FileManager.prototype.setColDateWidth = 
Array
(
    [0] => FileManager
    [1] => setColDateWidth = 
)

FileManager.prototype.actualizeScrollX = 
Array
(
    [0] => FileManager
    [1] => actualizeScrollX = 
)

FileManager.prototype.setMainMenu = 
Array
(
    [0] => FileManager
    [1] => setMainMenu = 
)

FileManager.prototype.setSidebarScrollbar = 
Array
(
    [0] => FileManager
    [1] => setSidebarScrollbar = 
)

FileManager.prototype.getCurrentLocale = 
Array
(
    [0] => FileManager
    [1] => getCurrentLocale = 
)

FileManager.prototype.addContextMenuHtml = 
Array
(
    [0] => FileManager
    [1] => addContextMenuHtml = 
)

KBListener.prototype.onKeyDown = 
Array
(
    [0] => KBListener
    [1] => onKeyDown = 
)

ProcManager.prototype.run = 
Array
(
    [0] => ProcManager
    [1] => run = 
)

FileManager.prototype.setActivePath = 
Array
(
    [0] => FileManager
    [1] => setActivePath = 
)

FileManager.prototype.initActiveTab = 
Array
(
    [0] => FileManager
    [1] => initActiveTab = 
)

FileManager.prototype.onGetActualEnv = 
Array
(
    [0] => FileManager
    [1] => onGetActualEnv = 
)

FileManager.prototype.onGetSavedEnv = 
Array
(
    [0] => FileManager
    [1] => onGetSavedEnv = 
)

FileManager.prototype.onResize = 
Array
(
    [0] => FileManager
    [1] => onResize = 
)

FileManager.prototype.setTabWidths = 
Array
(
    [0] => FileManager
    [1] => setTabWidths = 
)

FileManager.prototype.setAddressLineWidth = 
Array
(
    [0] => FileManager
    [1] => setAddressLineWidth = 
)

FileManager.prototype.corectTabWidth = 
Array
(
    [0] => FileManager
    [1] => corectTabWidth = 
)

FileManager.prototype.setColWidth = 
Array
(
    [0] => FileManager
    [1] => setColWidth = 
)

FileManager.prototype.setColNameWidth = 
Array
(
    [0] => FileManager
    [1] => setColNameWidth = 
)

FileManager.prototype.setColDateWidth = 
Array
(
    [0] => FileManager
    [1] => setColDateWidth = 
)

FileManager.prototype.actualizeScrollX = 
Array
(
    [0] => FileManager
    [1] => actualizeScrollX = 
)

FileManager.prototype.setMainMenu = 
Array
(
    [0] => FileManager
    [1] => setMainMenu = 
)

FileManager.prototype.setSidebarScrollbar = 
Array
(
    [0] => FileManager
    [1] => setSidebarScrollbar = 
)

FileManager.prototype.getCurrentLocale = 
Array
(
    [0] => FileManager
    [1] => getCurrentLocale = 
)

FileManager.prototype.addContextMenuHtml = 
Array
(
    [0] => FileManager
    [1] => addContextMenuHtml = 
)

KBListener.prototype.onKeyDown = 
Array
(
    [0] => KBListener
    [1] => onKeyDown = 
)

ProcManager.prototype.run = 
Array
(
    [0] => ProcManager
    [1] => run = 
)

FileManager.prototype.setActivePath = 
Array
(
    [0] => FileManager
    [1] => setActivePath = 
)

FileManager.prototype.initActiveTab = 
Array
(
    [0] => FileManager
    [1] => initActiveTab = 
)

FileManager.prototype.onGetActualEnv = 
Array
(
    [0] => FileManager
    [1] => onGetActualEnv = 
)

FileManager.prototype.onGetSavedEnv = 
Array
(
    [0] => FileManager
    [1] => onGetSavedEnv = 
)

FileManager.prototype.onResize = 
Array
(
    [0] => FileManager
    [1] => onResize = 
)

FileManager.prototype.setTabWidths = 
Array
(
    [0] => FileManager
    [1] => setTabWidths = 
)

FileManager.prototype.setAddressLineWidth = 
Array
(
    [0] => FileManager
    [1] => setAddressLineWidth = 
)

FileManager.prototype.corectTabWidth = 
Array
(
    [0] => FileManager
    [1] => corectTabWidth = 
)

FileManager.prototype.setColWidth = 
Array
(
    [0] => FileManager
    [1] => setColWidth = 
)

FileManager.prototype.setColNameWidth = 
Array
(
    [0] => FileManager
    [1] => setColNameWidth = 
)

FileManager.prototype.setColDateWidth = 
Array
(
    [0] => FileManager
    [1] => setColDateWidth = 
)

FileManager.prototype.actualizeScrollX = 
Array
(
    [0] => FileManager
    [1] => actualizeScrollX = 
)

FileManager.prototype.setMainMenu = 
Array
(
    [0] => FileManager
    [1] => setMainMenu = 
)

FileManager.prototype.setSidebarScrollbar = 
Array
(
    [0] => FileManager
    [1] => setSidebarScrollbar = 
)

FileManager.prototype.getCurrentLocale = 
Array
(
    [0] => FileManager
    [1] => getCurrentLocale = 
)

FileManager.prototype.addContextMenuHtml = 
Array
(
    [0] => FileManager
    [1] => addContextMenuHtml = 
)

KBListener.prototype.onKeyDown = 
Array
(
    [0] => KBListener
    [1] => onKeyDown = 
)

ProcManager.prototype.run = 
Array
(
    [0] => ProcManager
    [1] => run = 
)

FileManager.prototype.setActivePath = 
Array
(
    [0] => FileManager
    [1] => setActivePath = 
)

FileManager.prototype.initActiveTab = 
Array
(
    [0] => FileManager
    [1] => initActiveTab = 
)

FileManager.prototype.onGetActualEnv = 
Array
(
    [0] => FileManager
    [1] => onGetActualEnv = 
)

FileManager.prototype.onGetSavedEnv = 
Array
(
    [0] => FileManager
    [1] => onGetSavedEnv = 
)

FileManager.prototype.onResize = 
Array
(
    [0] => FileManager
    [1] => onResize = 
)

FileManager.prototype.setTabWidths = 
Array
(
    [0] => FileManager
    [1] => setTabWidths = 
)

FileManager.prototype.setAddressLineWidth = 
Array
(
    [0] => FileManager
    [1] => setAddressLineWidth = 
)

FileManager.prototype.corectTabWidth = 
Array
(
    [0] => FileManager
    [1] => corectTabWidth = 
)

FileManager.prototype.setColWidth = 
Array
(
    [0] => FileManager
    [1] => setColWidth = 
)

FileManager.prototype.setColNameWidth = 
Array
(
    [0] => FileManager
    [1] => setColNameWidth = 
)

FileManager.prototype.setColDateWidth = 
Array
(
    [0] => FileManager
    [1] => setColDateWidth = 
)

FileManager.prototype.actualizeScrollX = 
Array
(
    [0] => FileManager
    [1] => actualizeScrollX = 
)

FileManager.prototype.setMainMenu = 
Array
(
    [0] => FileManager
    [1] => setMainMenu = 
)

FileManager.prototype.setSidebarScrollbar = 
Array
(
    [0] => FileManager
    [1] => setSidebarScrollbar = 
)

FileManager.prototype.getCurrentLocale = 
Array
(
    [0] => FileManager
    [1] => getCurrentLocale = 
)

FileManager.prototype.addContextMenuHtml = 
Array
(
    [0] => FileManager
    [1] => addContextMenuHtml = 
)

KBListener.prototype.onKeyDown = 
Array
(
    [0] => KBListener
    [1] => onKeyDown = 
)

ProcManager.prototype.run = 
Array
(
    [0] => ProcManager
    [1] => run = 
)

FileManager.prototype.setActivePath = 
Array
(
    [0] => FileManager
    [1] => setActivePath = 
)

FileManager.prototype.initActiveTab = 
Array
(
    [0] => FileManager
    [1] => initActiveTab = 
)

FileManager.prototype.onGetActualEnv = 
Array
(
    [0] => FileManager
    [1] => onGetActualEnv = 
)

FileManager.prototype.onGetSavedEnv = 
Array
(
    [0] => FileManager
    [1] => onGetSavedEnv = 
)

FileManager.prototype.onResize = 
Array
(
    [0] => FileManager
    [1] => onResize = 
)

FileManager.prototype.setTabWidths = 
Array
(
    [0] => FileManager
    [1] => setTabWidths = 
)

FileManager.prototype.setAddressLineWidth = 
Array
(
    [0] => FileManager
    [1] => setAddressLineWidth = 
)

FileManager.prototype.corectTabWidth = 
Array
(
    [0] => FileManager
    [1] => corectTabWidth = 
)

FileManager.prototype.setColWidth = 
Array
(
    [0] => FileManager
    [1] => setColWidth = 
)

FileManager.prototype.setColNameWidth = 
Array
(
    [0] => FileManager
    [1] => setColNameWidth = 
)

FileManager.prototype.setColDateWidth = 
Array
(
    [0] => FileManager
    [1] => setColDateWidth = 
)

FileManager.prototype.actualizeScrollX = 
Array
(
    [0] => FileManager
    [1] => actualizeScrollX = 
)

FileManager.prototype.setMainMenu = 
Array
(
    [0] => FileManager
    [1] => setMainMenu = 
)

FileManager.prototype.setSidebarScrollbar = 
Array
(
    [0] => FileManager
    [1] => setSidebarScrollbar = 
)

FileManager.prototype.getCurrentLocale = 
Array
(
    [0] => FileManager
    [1] => getCurrentLocale = 
)

FileManager.prototype.addContextMenuHtml = 
Array
(
    [0] => FileManager
    [1] => addContextMenuHtml = 
)

KBListener.prototype.onKeyDown = 
Array
(
    [0] => KBListener
    [1] => onKeyDown = 
)

ProcManager.prototype.run = 
Array
(
    [0] => ProcManager
    [1] => run = 
)

FileManager.prototype.setActivePath = 
Array
(
    [0] => FileManager
    [1] => setActivePath = 
)

FileManager.prototype.initActiveTab = 
Array
(
    [0] => FileManager
    [1] => initActiveTab = 
)

FileManager.prototype.onGetActualEnv = 
Array
(
    [0] => FileManager
    [1] => onGetActualEnv = 
)

FileManager.prototype.onGetSavedEnv = 
Array
(
    [0] => FileManager
    [1] => onGetSavedEnv = 
)

FileManager.prototype.onResize = 
Array
(
    [0] => FileManager
    [1] => onResize = 
)

FileManager.prototype.setTabWidths = 
Array
(
    [0] => FileManager
    [1] => setTabWidths = 
)

FileManager.prototype.setAddressLineWidth = 
Array
(
    [0] => FileManager
    [1] => setAddressLineWidth = 
)

FileManager.prototype.corectTabWidth = 
Array
(
    [0] => FileManager
    [1] => corectTabWidth = 
)

FileManager.prototype.setColWidth = 
Array
(
    [0] => FileManager
    [1] => setColWidth = 
)

FileManager.prototype.setColNameWidth = 
Array
(
    [0] => FileManager
    [1] => setColNameWidth = 
)

FileManager.prototype.setColDateWidth = 
Array
(
    [0] => FileManager
    [1] => setColDateWidth = 
)

FileManager.prototype.actualizeScrollX = 
Array
(
    [0] => FileManager
    [1] => actualizeScrollX = 
)

FileManager.prototype.setMainMenu = 
Array
(
    [0] => FileManager
    [1] => setMainMenu = 
)

FileManager.prototype.setSidebarScrollbar = 
Array
(
    [0] => FileManager
    [1] => setSidebarScrollbar = 
)

FileManager.prototype.getCurrentLocale = 
Array
(
    [0] => FileManager
    [1] => getCurrentLocale = 
)

FileManager.prototype.addContextMenuHtml = 
Array
(
    [0] => FileManager
    [1] => addContextMenuHtml = 
)

KBListener.prototype.onKeyDown = 
Array
(
    [0] => KBListener
    [1] => onKeyDown = 
)

ProcManager.prototype.run = 
Array
(
    [0] => ProcManager
    [1] => run = 
)

